0 info it worked if it ends with ok
1 verbose cli [ '/usr/bin/nodejs', '/usr/bin/npm', 'install', '-g', 'eslint' ]
2 info using npm@1.3.10
3 info using node@v0.10.25
4 verbose cache add [ 'eslint', null ]
5 verbose cache add name=undefined spec="eslint" args=["eslint",null]
6 verbose parsed url { protocol: null,
6 verbose parsed url   slashes: null,
6 verbose parsed url   auth: null,
6 verbose parsed url   host: null,
6 verbose parsed url   port: null,
6 verbose parsed url   hostname: null,
6 verbose parsed url   hash: null,
6 verbose parsed url   search: null,
6 verbose parsed url   query: null,
6 verbose parsed url   pathname: 'eslint',
6 verbose parsed url   path: 'eslint',
6 verbose parsed url   href: 'eslint' }
7 silly lockFile e0b0b266-eslint eslint
8 verbose lock eslint /home/at/.npm/e0b0b266-eslint.lock
9 silly lockFile e0b0b266-eslint eslint
10 silly lockFile e0b0b266-eslint eslint
11 verbose addNamed [ 'eslint', '' ]
12 verbose addNamed [ null, '*' ]
13 silly lockFile 62e46387-eslint eslint@
14 verbose lock eslint@ /home/at/.npm/62e46387-eslint.lock
15 silly addNameRange { name: 'eslint', range: '*', hasData: false }
16 verbose url raw eslint
17 verbose url resolving [ 'https://registry.npmjs.org/', './eslint' ]
18 verbose url resolved https://registry.npmjs.org/eslint
19 info trying registry request attempt 1 at 16:32:38
20 http GET https://registry.npmjs.org/eslint
21 http 200 https://registry.npmjs.org/eslint
22 silly registry.get cb [ 200,
22 silly registry.get   { 'content-type': 'application/json; charset=UTF-8',
22 silly registry.get     server: 'UploadServer',
22 silly registry.get     'cache-control': 'max-age=300',
22 silly registry.get     'last-modified': 'Tue, 26 Dec 2017 14:58:29 GMT',
22 silly registry.get     etag: '"5a426395-85ed5"',
22 silly registry.get     'content-length': '548565',
22 silly registry.get     'accept-ranges': 'bytes',
22 silly registry.get     date: 'Thu, 28 Dec 2017 09:32:39 GMT',
22 silly registry.get     via: '1.1 varnish',
22 silly registry.get     age: '9294',
22 silly registry.get     connection: 'keep-alive',
22 silly registry.get     'x-served-by': 'cache-nrt6130-NRT',
22 silly registry.get     'x-cache': 'HIT',
22 silly registry.get     'x-cache-hits': '7',
22 silly registry.get     'x-timer': 'S1514453560.639550,VS0,VE0',
22 silly registry.get     vary: 'Accept-Encoding, Accept' } ]
23 silly addNameRange number 2 { name: 'eslint', range: '*', hasData: true }
24 silly addNameRange versions [ 'eslint',
24 silly addNameRange   [ '0.0.4',
24 silly addNameRange     '0.0.5',
24 silly addNameRange     '0.0.6',
24 silly addNameRange     '0.0.7',
24 silly addNameRange     '0.1.0-dev',
24 silly addNameRange     '0.1.0',
24 silly addNameRange     '0.1.1',
24 silly addNameRange     '0.1.2',
24 silly addNameRange     '0.1.3',
24 silly addNameRange     '0.1.4',
24 silly addNameRange     '0.2.0',
24 silly addNameRange     '0.3.0',
24 silly addNameRange     '0.4.0',
24 silly addNameRange     '0.4.1',
24 silly addNameRange     '0.4.2',
24 silly addNameRange     '0.4.3',
24 silly addNameRange     '0.4.4',
24 silly addNameRange     '0.4.5',
24 silly addNameRange     '0.5.0',
24 silly addNameRange     '0.5.1',
24 silly addNameRange     '0.6.0',
24 silly addNameRange     '0.6.1',
24 silly addNameRange     '0.6.2',
24 silly addNameRange     '0.7.1',
24 silly addNameRange     '0.7.2',
24 silly addNameRange     '0.7.3',
24 silly addNameRange     '0.7.4',
24 silly addNameRange     '0.8.0',
24 silly addNameRange     '0.8.1',
24 silly addNameRange     '0.8.2',
24 silly addNameRange     '0.9.0',
24 silly addNameRange     '0.9.1',
24 silly addNameRange     '0.9.2',
24 silly addNameRange     '0.10.0-alpha',
24 silly addNameRange     '0.10.0-alpha.1',
24 silly addNameRange     '0.10.0-alpha.2',
24 silly addNameRange     '0.10.0',
24 silly addNameRange     '0.11.0-alpha.0',
24 silly addNameRange     '0.10.1',
24 silly addNameRange     '0.10.2',
24 silly addNameRange     '0.11.0',
24 silly addNameRange     '0.12.0',
24 silly addNameRange     '0.13.0',
24 silly addNameRange     '0.14.0',
24 silly addNameRange     '0.14.1',
24 silly addNameRange     '0.15.0',
24 silly addNameRange     '0.15.1',
24 silly addNameRange     '0.16.0',
24 silly addNameRange     '0.16.1',
24 silly addNameRange     '0.16.2',
24 silly addNameRange     '0.17.0',
24 silly addNameRange     '0.17.1',
24 silly addNameRange     '0.18.0',
24 silly addNameRange     '0.19.0',
24 silly addNameRange     '0.20.0',
24 silly addNameRange     '0.21.0',
24 silly addNameRange     '0.21.1',
24 silly addNameRange     '0.21.2',
24 silly addNameRange     '0.22.0',
24 silly addNameRange     '0.22.1',
24 silly addNameRange     '0.23.0',
24 silly addNameRange     '0.24.0',
24 silly addNameRange     '0.24.1',
24 silly addNameRange     '1.0.0-rc-1',
24 silly addNameRange     '1.0.0-rc-2',
24 silly addNameRange     '1.0.0-rc-3',
24 silly addNameRange     '1.0.0',
24 silly addNameRange     '1.1.0',
24 silly addNameRange     '1.2.0',
24 silly addNameRange     '1.2.1',
24 silly addNameRange     '1.3.0',
24 silly addNameRange     '1.3.1',
24 silly addNameRange     '1.4.0',
24 silly addNameRange     '1.4.1',
24 silly addNameRange     '1.4.2',
24 silly addNameRange     '1.4.3',
24 silly addNameRange     '1.5.0',
24 silly addNameRange     '1.5.1',
24 silly addNameRange     '1.6.0',
24 silly addNameRange     '1.7.0',
24 silly addNameRange     '1.7.1',
24 silly addNameRange     '1.7.2',
24 silly addNameRange     '1.7.3',
24 silly addNameRange     '1.8.0',
24 silly addNameRange     '1.9.0',
24 silly addNameRange     '1.10.0',
24 silly addNameRange     '1.10.1',
24 silly addNameRange     '1.10.2',
24 silly addNameRange     '1.10.3',
24 silly addNameRange     '2.0.0-alpha-1',
24 silly addNameRange     '2.0.0-alpha-2',
24 silly addNameRange     '2.0.0-beta.1',
24 silly addNameRange     '2.0.0-beta.2',
24 silly addNameRange     '2.0.0-beta.3',
24 silly addNameRange     '2.0.0-rc.0',
24 silly addNameRange     '2.0.0-rc.1',
24 silly addNameRange     '2.0.0',
24 silly addNameRange     '2.1.0',
24 silly addNameRange     '2.2.0',
24 silly addNameRange     '2.3.0',
24 silly addNameRange     '2.4.0',
24 silly addNameRange     '2.5.0',
24 silly addNameRange     '2.5.1',
24 silly addNameRange     '2.5.2',
24 silly addNameRange     '2.5.3',
24 silly addNameRange     '2.6.0',
24 silly addNameRange     '2.7.0',
24 silly addNameRange     '2.8.0',
24 silly addNameRange     '2.9.0',
24 silly addNameRange     '2.10.0',
24 silly addNameRange     '2.10.1',
24 silly addNameRange     '2.10.2',
24 silly addNameRange     '2.11.0',
24 silly addNameRange     '2.11.1',
24 silly addNameRange     '2.12.0',
24 silly addNameRange     '2.13.0',
24 silly addNameRange     '2.13.1',
24 silly addNameRange     '3.0.0',
24 silly addNameRange     '3.0.1',
24 silly addNameRange     '3.1.0',
24 silly addNameRange     '3.1.1',
24 silly addNameRange     '3.2.0',
24 silly addNameRange     '3.2.1',
24 silly addNameRange     '3.2.2',
24 silly addNameRange     '3.3.0',
24 silly addNameRange     '3.3.1',
24 silly addNameRange     '3.4.0',
24 silly addNameRange     '3.5.0',
24 silly addNameRange     '3.6.0',
24 silly addNameRange     '3.6.1',
24 silly addNameRange     '3.7.0',
24 silly addNameRange     '3.7.1',
24 silly addNameRange     '3.8.0',
24 silly addNameRange     '3.8.1',
24 silly addNameRange     '3.9.0',
24 silly addNameRange     '3.9.1',
24 silly addNameRange     '3.10.0',
24 silly addNameRange     '3.10.1',
24 silly addNameRange     '3.10.2',
24 silly addNameRange     '3.11.0',
24 silly addNameRange     '3.11.1',
24 silly addNameRange     '3.12.0',
24 silly addNameRange     '3.12.1',
24 silly addNameRange     '3.12.2',
24 silly addNameRange     '3.13.0',
24 silly addNameRange     '3.13.1',
24 silly addNameRange     '3.14.0',
24 silly addNameRange     '3.14.1',
24 silly addNameRange     '3.15.0',
24 silly addNameRange     '3.16.0',
24 silly addNameRange     '3.16.1',
24 silly addNameRange     '3.17.0',
24 silly addNameRange     '3.17.1',
24 silly addNameRange     '3.18.0',
24 silly addNameRange     '3.19.0',
24 silly addNameRange     '4.0.0-alpha.0',
24 silly addNameRange     '4.0.0-alpha.1',
24 silly addNameRange     '4.0.0-alpha.2',
24 silly addNameRange     '4.0.0-beta.0',
24 silly addNameRange     '4.0.0-rc.0',
24 silly addNameRange     '4.0.0',
24 silly addNameRange     '4.1.0',
24 silly addNameRange     '4.1.1',
24 silly addNameRange     '4.2.0',
24 silly addNameRange     '4.3.0',
24 silly addNameRange     '4.4.0',
24 silly addNameRange     '4.4.1',
24 silly addNameRange     '4.5.0',
24 silly addNameRange     '4.6.0',
24 silly addNameRange     '4.6.1',
24 silly addNameRange     '4.7.0',
24 silly addNameRange     '4.7.1',
24 silly addNameRange     '4.7.2',
24 silly addNameRange     '4.8.0',
24 silly addNameRange     '4.9.0',
24 silly addNameRange     '4.10.0',
24 silly addNameRange     '4.11.0',
24 silly addNameRange     '4.12.0',
24 silly addNameRange     '4.12.1',
24 silly addNameRange     '4.13.0',
24 silly addNameRange     '4.13.1',
24 silly addNameRange     '4.14.0' ] ]
25 verbose addNamed [ 'eslint', '4.14.0' ]
26 verbose addNamed [ '4.14.0', '4.14.0' ]
27 silly lockFile 15a96002-eslint-4-14-0 eslint@4.14.0
28 verbose lock eslint@4.14.0 /home/at/.npm/15a96002-eslint-4-14-0.lock
29 silly lockFile 305d32bf-mjs-org-eslint-eslint-4-14-0-tgz https://registry.npmjs.org/eslint/-/eslint-4.14.0.tgz
30 verbose lock https://registry.npmjs.org/eslint/-/eslint-4.14.0.tgz /home/at/.npm/305d32bf-mjs-org-eslint-eslint-4-14-0-tgz.lock
31 verbose addRemoteTarball [ 'https://registry.npmjs.org/eslint/-/eslint-4.14.0.tgz',
31 verbose addRemoteTarball   '96609768d1dd23304faba2d94b7fefe5a5447a82' ]
32 info retry fetch attempt 1 at 16:32:44
33 verbose fetch to= /home/at/tmp/npm-9124-UkfwoMy1/1514453564736-0.20931097213178873/tmp.tgz
34 http GET https://registry.npmjs.org/eslint/-/eslint-4.14.0.tgz
35 http 200 https://registry.npmjs.org/eslint/-/eslint-4.14.0.tgz
36 verbose tar unpack /home/at/tmp/npm-9124-UkfwoMy1/1514453564736-0.20931097213178873/tmp.tgz
37 silly lockFile 12274637-4736-0-20931097213178873-package tar:///home/at/tmp/npm-9124-UkfwoMy1/1514453564736-0.20931097213178873/package
38 verbose lock tar:///home/at/tmp/npm-9124-UkfwoMy1/1514453564736-0.20931097213178873/package /home/at/.npm/12274637-4736-0-20931097213178873-package.lock
39 silly lockFile 902364bc-4736-0-20931097213178873-tmp-tgz tar:///home/at/tmp/npm-9124-UkfwoMy1/1514453564736-0.20931097213178873/tmp.tgz
40 verbose lock tar:///home/at/tmp/npm-9124-UkfwoMy1/1514453564736-0.20931097213178873/tmp.tgz /home/at/.npm/902364bc-4736-0-20931097213178873-tmp-tgz.lock
41 silly gunzTarPerm modes [ '755', '644' ]
42 silly gunzTarPerm extractEntry package.json
43 silly gunzTarPerm extractEntry CHANGELOG.md
44 silly gunzTarPerm extractEntry LICENSE
45 silly gunzTarPerm extractEntry README.md
46 silly gunzTarPerm extractEntry bin/eslint.js
47 silly gunzTarPerm extractEntry conf/blank-script.json
48 silly gunzTarPerm extractEntry conf/category-list.json
49 silly gunzTarPerm extractEntry conf/config-schema.js
50 silly gunzTarPerm extractEntry conf/default-cli-options.js
51 silly gunzTarPerm extractEntry conf/default-config-options.js
52 silly gunzTarPerm extractEntry conf/environments.js
53 silly gunzTarPerm extractEntry conf/eslint-all.js
54 silly gunzTarPerm extractEntry conf/eslint-recommended.js
55 silly gunzTarPerm extractEntry conf/replacements.json
56 silly gunzTarPerm extractEntry lib/api.js
57 silly gunzTarPerm extractEntry lib/ast-utils.js
58 silly gunzTarPerm extractEntry lib/cli-engine.js
59 silly gunzTarPerm extractEntry lib/cli.js
60 silly gunzTarPerm extractEntry lib/code-path-analysis/code-path-analyzer.js
61 silly gunzTarPerm extractEntry lib/code-path-analysis/code-path-segment.js
62 silly gunzTarPerm extractEntry lib/code-path-analysis/code-path-state.js
63 silly gunzTarPerm extractEntry lib/code-path-analysis/code-path.js
64 silly gunzTarPerm extractEntry lib/code-path-analysis/debug-helpers.js
65 silly gunzTarPerm extractEntry lib/code-path-analysis/fork-context.js
66 silly gunzTarPerm extractEntry lib/code-path-analysis/id-generator.js
67 silly gunzTarPerm extractEntry lib/config.js
68 silly gunzTarPerm extractEntry lib/config/autoconfig.js
69 silly gunzTarPerm extractEntry lib/config/config-cache.js
70 silly gunzTarPerm extractEntry lib/config/config-file.js
71 silly gunzTarPerm extractEntry lib/config/config-initializer.js
72 silly gunzTarPerm extractEntry lib/config/config-ops.js
73 silly gunzTarPerm extractEntry lib/config/config-rule.js
74 silly gunzTarPerm extractEntry lib/config/config-validator.js
75 silly gunzTarPerm extractEntry lib/config/environments.js
76 silly gunzTarPerm extractEntry lib/config/plugins.js
77 silly gunzTarPerm extractEntry lib/file-finder.js
78 silly gunzTarPerm extractEntry lib/formatters/checkstyle.js
79 silly gunzTarPerm extractEntry lib/formatters/codeframe.js
80 silly gunzTarPerm extractEntry lib/formatters/compact.js
81 silly gunzTarPerm extractEntry lib/formatters/html-template-message.html
82 silly gunzTarPerm extractEntry lib/formatters/html-template-page.html
83 silly gunzTarPerm extractEntry lib/formatters/html-template-result.html
84 silly gunzTarPerm extractEntry lib/formatters/html.js
85 silly gunzTarPerm extractEntry lib/formatters/jslint-xml.js
86 silly gunzTarPerm extractEntry lib/formatters/json.js
87 silly gunzTarPerm extractEntry lib/formatters/junit.js
88 silly gunzTarPerm extractEntry lib/formatters/stylish.js
89 silly gunzTarPerm extractEntry lib/formatters/table.js
90 silly gunzTarPerm extractEntry lib/formatters/tap.js
91 silly gunzTarPerm extractEntry lib/formatters/unix.js
92 silly gunzTarPerm extractEntry lib/formatters/visualstudio.js
93 silly gunzTarPerm extractEntry lib/ignored-paths.js
94 silly gunzTarPerm extractEntry lib/linter.js
95 silly gunzTarPerm extractEntry lib/load-rules.js
96 silly gunzTarPerm extractEntry lib/logging.js
97 silly gunzTarPerm extractEntry lib/options.js
98 silly gunzTarPerm extractEntry lib/report-translator.js
99 silly gunzTarPerm extractEntry lib/rules.js
100 silly gunzTarPerm extractEntry lib/rules/.eslintrc.yml
101 silly gunzTarPerm extractEntry lib/rules/accessor-pairs.js
102 silly gunzTarPerm extractEntry lib/rules/array-bracket-newline.js
103 silly gunzTarPerm extractEntry lib/rules/array-bracket-spacing.js
104 silly gunzTarPerm extractEntry lib/rules/array-callback-return.js
105 silly gunzTarPerm extractEntry lib/rules/array-element-newline.js
106 silly gunzTarPerm extractEntry lib/rules/arrow-body-style.js
107 silly gunzTarPerm extractEntry lib/rules/arrow-parens.js
108 silly gunzTarPerm extractEntry lib/rules/arrow-spacing.js
109 silly gunzTarPerm extractEntry lib/rules/block-scoped-var.js
110 silly gunzTarPerm extractEntry lib/rules/block-spacing.js
111 silly gunzTarPerm extractEntry lib/rules/brace-style.js
112 silly gunzTarPerm extractEntry lib/rules/callback-return.js
113 silly gunzTarPerm extractEntry lib/rules/camelcase.js
114 silly gunzTarPerm extractEntry lib/rules/capitalized-comments.js
115 silly gunzTarPerm extractEntry lib/rules/class-methods-use-this.js
116 silly gunzTarPerm extractEntry lib/rules/comma-dangle.js
117 silly gunzTarPerm extractEntry lib/rules/comma-spacing.js
118 silly gunzTarPerm extractEntry lib/rules/comma-style.js
119 silly gunzTarPerm extractEntry lib/rules/complexity.js
120 silly gunzTarPerm extractEntry lib/rules/computed-property-spacing.js
121 silly gunzTarPerm extractEntry lib/rules/consistent-return.js
122 silly gunzTarPerm extractEntry lib/rules/consistent-this.js
123 silly gunzTarPerm extractEntry lib/rules/constructor-super.js
124 silly gunzTarPerm extractEntry lib/rules/curly.js
125 silly gunzTarPerm extractEntry lib/rules/default-case.js
126 silly gunzTarPerm extractEntry lib/rules/dot-location.js
127 silly gunzTarPerm extractEntry lib/rules/dot-notation.js
128 silly gunzTarPerm extractEntry lib/rules/eol-last.js
129 silly gunzTarPerm extractEntry lib/rules/eqeqeq.js
130 silly gunzTarPerm extractEntry lib/rules/for-direction.js
131 silly gunzTarPerm extractEntry lib/rules/func-call-spacing.js
132 silly gunzTarPerm extractEntry lib/rules/func-name-matching.js
133 silly gunzTarPerm extractEntry lib/rules/func-names.js
134 silly gunzTarPerm extractEntry lib/rules/func-style.js
135 silly gunzTarPerm extractEntry lib/rules/function-paren-newline.js
136 silly gunzTarPerm extractEntry lib/rules/generator-star-spacing.js
137 silly gunzTarPerm extractEntry lib/rules/getter-return.js
138 silly gunzTarPerm extractEntry lib/rules/global-require.js
139 silly gunzTarPerm extractEntry lib/rules/guard-for-in.js
140 silly gunzTarPerm extractEntry lib/rules/handle-callback-err.js
141 silly gunzTarPerm extractEntry lib/rules/id-blacklist.js
142 silly gunzTarPerm extractEntry lib/rules/id-length.js
143 silly gunzTarPerm extractEntry lib/rules/id-match.js
144 silly gunzTarPerm extractEntry lib/rules/implicit-arrow-linebreak.js
145 silly gunzTarPerm extractEntry lib/rules/indent-legacy.js
146 silly gunzTarPerm extractEntry lib/rules/indent.js
147 silly gunzTarPerm extractEntry lib/rules/init-declarations.js
148 silly gunzTarPerm extractEntry lib/rules/jsx-quotes.js
149 silly gunzTarPerm extractEntry lib/rules/key-spacing.js
150 silly gunzTarPerm extractEntry lib/rules/keyword-spacing.js
151 silly gunzTarPerm extractEntry lib/rules/line-comment-position.js
152 silly gunzTarPerm extractEntry lib/rules/linebreak-style.js
153 silly gunzTarPerm extractEntry lib/rules/lines-around-comment.js
154 silly gunzTarPerm extractEntry lib/rules/lines-around-directive.js
155 silly gunzTarPerm extractEntry lib/rules/lines-between-class-members.js
156 silly gunzTarPerm extractEntry lib/rules/max-depth.js
157 silly gunzTarPerm extractEntry lib/rules/max-len.js
158 silly gunzTarPerm extractEntry lib/rules/max-lines.js
159 silly gunzTarPerm extractEntry lib/rules/max-nested-callbacks.js
160 silly gunzTarPerm extractEntry lib/rules/max-params.js
161 silly gunzTarPerm extractEntry lib/rules/max-statements-per-line.js
162 silly gunzTarPerm extractEntry lib/rules/max-statements.js
163 silly gunzTarPerm extractEntry lib/rules/multiline-comment-style.js
164 silly gunzTarPerm extractEntry lib/rules/multiline-ternary.js
165 silly gunzTarPerm extractEntry lib/rules/new-cap.js
166 silly gunzTarPerm extractEntry lib/rules/new-parens.js
167 silly gunzTarPerm extractEntry lib/rules/newline-after-var.js
168 silly gunzTarPerm extractEntry lib/rules/newline-before-return.js
169 silly gunzTarPerm extractEntry lib/rules/newline-per-chained-call.js
170 silly gunzTarPerm extractEntry lib/rules/no-alert.js
171 silly gunzTarPerm extractEntry lib/rules/no-array-constructor.js
172 silly gunzTarPerm extractEntry lib/rules/no-await-in-loop.js
173 silly gunzTarPerm extractEntry lib/rules/no-bitwise.js
174 silly gunzTarPerm extractEntry lib/rules/no-buffer-constructor.js
175 silly gunzTarPerm extractEntry lib/rules/no-caller.js
176 silly gunzTarPerm extractEntry lib/rules/no-case-declarations.js
177 silly gunzTarPerm extractEntry lib/rules/no-catch-shadow.js
178 silly gunzTarPerm extractEntry lib/rules/no-class-assign.js
179 silly gunzTarPerm extractEntry lib/rules/no-compare-neg-zero.js
180 silly gunzTarPerm extractEntry lib/rules/no-cond-assign.js
181 silly gunzTarPerm extractEntry lib/rules/no-confusing-arrow.js
182 silly gunzTarPerm extractEntry lib/rules/no-console.js
183 silly gunzTarPerm extractEntry lib/rules/no-const-assign.js
184 silly gunzTarPerm extractEntry lib/rules/no-constant-condition.js
185 silly gunzTarPerm extractEntry lib/rules/no-continue.js
186 silly gunzTarPerm extractEntry lib/rules/no-control-regex.js
187 silly gunzTarPerm extractEntry lib/rules/no-debugger.js
188 silly gunzTarPerm extractEntry lib/rules/no-delete-var.js
189 silly gunzTarPerm extractEntry lib/rules/no-div-regex.js
190 silly gunzTarPerm extractEntry lib/rules/no-dupe-args.js
191 silly gunzTarPerm extractEntry lib/rules/no-dupe-class-members.js
192 silly gunzTarPerm extractEntry lib/rules/no-dupe-keys.js
193 silly gunzTarPerm extractEntry lib/rules/no-duplicate-case.js
194 silly gunzTarPerm extractEntry lib/rules/no-duplicate-imports.js
195 silly gunzTarPerm extractEntry lib/rules/no-else-return.js
196 silly gunzTarPerm extractEntry lib/rules/no-empty-character-class.js
197 silly gunzTarPerm extractEntry lib/rules/no-empty-function.js
198 silly gunzTarPerm extractEntry lib/rules/no-empty-pattern.js
199 silly gunzTarPerm extractEntry lib/rules/no-empty.js
200 silly gunzTarPerm extractEntry lib/rules/no-eq-null.js
201 silly gunzTarPerm extractEntry lib/rules/no-eval.js
202 silly gunzTarPerm extractEntry lib/rules/no-ex-assign.js
203 silly gunzTarPerm extractEntry lib/rules/no-extend-native.js
204 silly gunzTarPerm extractEntry lib/rules/no-extra-bind.js
205 silly gunzTarPerm extractEntry lib/rules/no-extra-boolean-cast.js
206 silly gunzTarPerm extractEntry lib/rules/no-extra-label.js
207 silly gunzTarPerm extractEntry lib/rules/no-extra-parens.js
208 silly gunzTarPerm extractEntry lib/rules/no-extra-semi.js
209 silly gunzTarPerm extractEntry lib/rules/no-fallthrough.js
210 silly gunzTarPerm extractEntry lib/rules/no-floating-decimal.js
211 silly gunzTarPerm extractEntry lib/rules/no-func-assign.js
212 silly gunzTarPerm extractEntry lib/rules/no-global-assign.js
213 silly gunzTarPerm extractEntry lib/rules/no-implicit-coercion.js
214 silly gunzTarPerm extractEntry lib/rules/no-implicit-globals.js
215 silly gunzTarPerm extractEntry lib/rules/no-implied-eval.js
216 silly gunzTarPerm extractEntry lib/rules/no-inline-comments.js
217 silly gunzTarPerm extractEntry lib/rules/no-inner-declarations.js
218 silly gunzTarPerm extractEntry lib/rules/no-invalid-regexp.js
219 silly gunzTarPerm extractEntry lib/rules/no-invalid-this.js
220 silly gunzTarPerm extractEntry lib/rules/no-irregular-whitespace.js
221 silly gunzTarPerm extractEntry lib/rules/no-iterator.js
222 silly gunzTarPerm extractEntry lib/rules/no-label-var.js
223 silly gunzTarPerm extractEntry lib/rules/no-labels.js
224 silly gunzTarPerm extractEntry lib/rules/no-lone-blocks.js
225 silly gunzTarPerm extractEntry lib/rules/no-lonely-if.js
226 silly gunzTarPerm extractEntry lib/rules/no-loop-func.js
227 silly gunzTarPerm extractEntry lib/rules/no-magic-numbers.js
228 silly gunzTarPerm extractEntry lib/rules/no-mixed-operators.js
229 silly gunzTarPerm extractEntry lib/rules/no-mixed-requires.js
230 silly gunzTarPerm extractEntry lib/rules/no-mixed-spaces-and-tabs.js
231 silly gunzTarPerm extractEntry lib/rules/no-multi-assign.js
232 silly gunzTarPerm extractEntry lib/rules/no-multi-spaces.js
233 silly gunzTarPerm extractEntry lib/rules/no-multi-str.js
234 silly gunzTarPerm extractEntry lib/rules/no-multiple-empty-lines.js
235 silly gunzTarPerm extractEntry lib/rules/no-native-reassign.js
236 silly gunzTarPerm extractEntry lib/rules/no-negated-condition.js
237 silly gunzTarPerm extractEntry lib/rules/no-negated-in-lhs.js
238 silly gunzTarPerm extractEntry lib/rules/no-nested-ternary.js
239 silly gunzTarPerm extractEntry lib/rules/no-new-func.js
240 silly gunzTarPerm extractEntry lib/rules/no-new-object.js
241 silly gunzTarPerm extractEntry lib/rules/no-new-require.js
242 silly gunzTarPerm extractEntry lib/rules/no-new-symbol.js
243 silly gunzTarPerm extractEntry lib/rules/no-new-wrappers.js
244 silly gunzTarPerm extractEntry lib/rules/no-new.js
245 silly gunzTarPerm extractEntry lib/rules/no-obj-calls.js
246 silly gunzTarPerm extractEntry lib/rules/no-octal-escape.js
247 silly gunzTarPerm extractEntry lib/rules/no-octal.js
248 silly gunzTarPerm extractEntry lib/rules/no-param-reassign.js
249 silly gunzTarPerm extractEntry lib/rules/no-path-concat.js
250 silly gunzTarPerm extractEntry lib/rules/no-plusplus.js
251 silly gunzTarPerm extractEntry lib/rules/no-process-env.js
252 silly gunzTarPerm extractEntry lib/rules/no-process-exit.js
253 silly gunzTarPerm extractEntry lib/rules/no-proto.js
254 silly gunzTarPerm extractEntry lib/rules/no-prototype-builtins.js
255 silly gunzTarPerm extractEntry lib/rules/no-redeclare.js
256 silly gunzTarPerm extractEntry lib/rules/no-regex-spaces.js
257 silly gunzTarPerm extractEntry lib/rules/no-restricted-globals.js
258 silly gunzTarPerm extractEntry lib/rules/no-restricted-imports.js
259 silly gunzTarPerm extractEntry lib/rules/no-restricted-modules.js
260 silly gunzTarPerm extractEntry lib/rules/no-restricted-properties.js
261 silly gunzTarPerm extractEntry lib/rules/no-restricted-syntax.js
262 silly gunzTarPerm extractEntry lib/rules/no-return-assign.js
263 silly gunzTarPerm extractEntry lib/rules/no-return-await.js
264 silly gunzTarPerm extractEntry lib/rules/no-script-url.js
265 silly gunzTarPerm extractEntry lib/rules/no-self-assign.js
266 silly gunzTarPerm extractEntry lib/rules/no-self-compare.js
267 silly gunzTarPerm extractEntry lib/rules/no-sequences.js
268 silly gunzTarPerm extractEntry lib/rules/no-shadow-restricted-names.js
269 silly gunzTarPerm extractEntry lib/rules/no-shadow.js
270 silly gunzTarPerm extractEntry lib/rules/no-spaced-func.js
271 silly gunzTarPerm extractEntry lib/rules/no-sparse-arrays.js
272 silly gunzTarPerm extractEntry lib/rules/no-sync.js
273 silly gunzTarPerm extractEntry lib/rules/no-tabs.js
274 silly gunzTarPerm extractEntry lib/rules/no-template-curly-in-string.js
275 silly gunzTarPerm extractEntry lib/rules/no-ternary.js
276 silly gunzTarPerm extractEntry lib/rules/no-this-before-super.js
277 silly gunzTarPerm extractEntry lib/rules/no-throw-literal.js
278 silly gunzTarPerm extractEntry lib/rules/no-trailing-spaces.js
279 silly gunzTarPerm extractEntry lib/rules/no-undef-init.js
280 silly gunzTarPerm extractEntry lib/rules/no-undef.js
281 silly gunzTarPerm extractEntry lib/rules/no-undefined.js
282 silly gunzTarPerm extractEntry lib/rules/no-underscore-dangle.js
283 silly gunzTarPerm extractEntry lib/rules/no-unexpected-multiline.js
284 silly gunzTarPerm extractEntry lib/rules/no-unmodified-loop-condition.js
285 silly gunzTarPerm extractEntry lib/rules/no-unneeded-ternary.js
286 silly gunzTarPerm extractEntry lib/rules/no-unreachable.js
287 silly gunzTarPerm extractEntry lib/rules/no-unsafe-finally.js
288 silly gunzTarPerm extractEntry lib/rules/no-unsafe-negation.js
289 silly gunzTarPerm extractEntry lib/rules/no-unused-expressions.js
290 silly gunzTarPerm extractEntry lib/rules/no-unused-labels.js
291 silly gunzTarPerm extractEntry lib/rules/no-unused-vars.js
292 silly gunzTarPerm extractEntry lib/rules/no-use-before-define.js
293 silly gunzTarPerm extractEntry lib/rules/no-useless-call.js
294 silly gunzTarPerm extractEntry lib/rules/no-useless-computed-key.js
295 silly gunzTarPerm extractEntry lib/rules/no-useless-concat.js
296 silly gunzTarPerm extractEntry lib/rules/no-useless-constructor.js
297 silly gunzTarPerm extractEntry lib/rules/no-useless-escape.js
298 silly gunzTarPerm extractEntry lib/rules/no-useless-rename.js
299 silly gunzTarPerm extractEntry lib/rules/no-useless-return.js
300 silly gunzTarPerm extractEntry lib/rules/no-var.js
301 silly gunzTarPerm extractEntry lib/rules/no-void.js
302 silly gunzTarPerm extractEntry lib/rules/no-warning-comments.js
303 silly gunzTarPerm extractEntry lib/rules/no-whitespace-before-property.js
304 silly gunzTarPerm extractEntry lib/rules/no-with.js
305 silly gunzTarPerm extractEntry lib/rules/nonblock-statement-body-position.js
306 silly gunzTarPerm extractEntry lib/rules/object-curly-newline.js
307 silly gunzTarPerm extractEntry lib/rules/object-curly-spacing.js
308 silly gunzTarPerm extractEntry lib/rules/object-property-newline.js
309 silly gunzTarPerm extractEntry lib/rules/object-shorthand.js
310 silly gunzTarPerm extractEntry lib/rules/one-var-declaration-per-line.js
311 silly gunzTarPerm extractEntry lib/rules/one-var.js
312 silly gunzTarPerm extractEntry lib/rules/operator-assignment.js
313 silly gunzTarPerm extractEntry lib/rules/operator-linebreak.js
314 silly gunzTarPerm extractEntry lib/rules/padded-blocks.js
315 silly gunzTarPerm extractEntry lib/rules/padding-line-between-statements.js
316 silly gunzTarPerm extractEntry lib/rules/prefer-arrow-callback.js
317 silly gunzTarPerm extractEntry lib/rules/prefer-const.js
318 silly gunzTarPerm extractEntry lib/rules/prefer-destructuring.js
319 silly gunzTarPerm extractEntry lib/rules/prefer-numeric-literals.js
320 silly gunzTarPerm extractEntry lib/rules/prefer-promise-reject-errors.js
321 silly gunzTarPerm extractEntry lib/rules/prefer-reflect.js
322 silly gunzTarPerm extractEntry lib/rules/prefer-rest-params.js
323 silly gunzTarPerm extractEntry lib/rules/prefer-spread.js
324 silly gunzTarPerm extractEntry lib/rules/prefer-template.js
325 silly gunzTarPerm extractEntry lib/rules/quote-props.js
326 silly gunzTarPerm extractEntry lib/rules/quotes.js
327 silly gunzTarPerm extractEntry lib/rules/radix.js
328 silly gunzTarPerm extractEntry lib/rules/require-await.js
329 silly gunzTarPerm extractEntry lib/rules/require-jsdoc.js
330 silly gunzTarPerm extractEntry lib/rules/require-yield.js
331 silly gunzTarPerm extractEntry lib/rules/rest-spread-spacing.js
332 silly gunzTarPerm extractEntry lib/rules/semi-spacing.js
333 silly gunzTarPerm extractEntry lib/rules/semi-style.js
334 silly gunzTarPerm extractEntry lib/rules/semi.js
335 silly gunzTarPerm extractEntry lib/rules/sort-imports.js
336 silly gunzTarPerm extractEntry lib/rules/sort-keys.js
337 silly gunzTarPerm extractEntry lib/rules/sort-vars.js
338 silly gunzTarPerm extractEntry lib/rules/space-before-blocks.js
339 silly gunzTarPerm extractEntry lib/rules/space-before-function-paren.js
340 silly gunzTarPerm extractEntry lib/rules/space-in-parens.js
341 silly gunzTarPerm extractEntry lib/rules/space-infix-ops.js
342 silly gunzTarPerm extractEntry lib/rules/space-unary-ops.js
343 silly gunzTarPerm extractEntry lib/rules/spaced-comment.js
344 silly gunzTarPerm extractEntry lib/rules/strict.js
345 silly gunzTarPerm extractEntry lib/rules/switch-colon-spacing.js
346 silly gunzTarPerm extractEntry lib/rules/symbol-description.js
347 silly gunzTarPerm extractEntry lib/rules/template-curly-spacing.js
348 silly gunzTarPerm extractEntry lib/rules/template-tag-spacing.js
349 silly gunzTarPerm extractEntry lib/rules/unicode-bom.js
350 silly gunzTarPerm extractEntry lib/rules/use-isnan.js
351 silly gunzTarPerm extractEntry lib/rules/valid-jsdoc.js
352 silly gunzTarPerm extractEntry lib/rules/valid-typeof.js
353 silly gunzTarPerm extractEntry lib/rules/vars-on-top.js
354 silly gunzTarPerm extractEntry lib/rules/wrap-iife.js
355 silly gunzTarPerm extractEntry lib/rules/wrap-regex.js
356 silly gunzTarPerm extractEntry lib/rules/yield-star-spacing.js
357 silly gunzTarPerm extractEntry lib/rules/yoda.js
358 silly gunzTarPerm extractEntry lib/testers/rule-tester.js
359 silly gunzTarPerm extractEntry lib/timing.js
360 silly gunzTarPerm extractEntry lib/token-store/backward-token-comment-cursor.js
361 silly gunzTarPerm extractEntry lib/token-store/backward-token-cursor.js
362 silly gunzTarPerm extractEntry lib/token-store/cursor.js
363 silly gunzTarPerm extractEntry lib/token-store/cursors.js
364 silly gunzTarPerm extractEntry lib/token-store/decorative-cursor.js
365 silly gunzTarPerm extractEntry lib/token-store/filter-cursor.js
366 silly gunzTarPerm extractEntry lib/token-store/forward-token-comment-cursor.js
367 silly gunzTarPerm extractEntry lib/token-store/forward-token-cursor.js
368 silly gunzTarPerm extractEntry lib/token-store/index.js
369 silly gunzTarPerm extractEntry lib/token-store/limit-cursor.js
370 silly gunzTarPerm extractEntry lib/token-store/padded-token-cursor.js
371 silly gunzTarPerm extractEntry lib/token-store/skip-cursor.js
372 silly gunzTarPerm extractEntry lib/token-store/utils.js
373 silly gunzTarPerm extractEntry lib/util/ajv.js
374 silly gunzTarPerm extractEntry lib/util/apply-disable-directives.js
375 silly gunzTarPerm extractEntry lib/util/fix-tracker.js
376 silly gunzTarPerm extractEntry lib/util/glob-util.js
377 silly gunzTarPerm extractEntry lib/util/glob.js
378 silly gunzTarPerm extractEntry lib/util/hash.js
379 silly gunzTarPerm extractEntry lib/util/keywords.js
380 silly gunzTarPerm extractEntry lib/util/module-resolver.js
381 silly gunzTarPerm extractEntry lib/util/naming.js
382 silly gunzTarPerm extractEntry lib/util/node-event-generator.js
383 silly gunzTarPerm extractEntry lib/util/npm-util.js
384 silly gunzTarPerm extractEntry lib/util/path-util.js
385 silly gunzTarPerm extractEntry lib/util/patterns/letters.js
386 silly gunzTarPerm extractEntry lib/util/rule-fixer.js
387 silly gunzTarPerm extractEntry lib/util/safe-emitter.js
388 silly gunzTarPerm extractEntry lib/util/source-code-fixer.js
389 silly gunzTarPerm extractEntry lib/util/source-code-util.js
390 silly gunzTarPerm extractEntry lib/util/source-code.js
391 silly gunzTarPerm extractEntry lib/util/traverser.js
392 silly gunzTarPerm extractEntry lib/util/xml-escape.js
393 silly gunzTarPerm extractEntry messages/extend-config-missing.txt
394 silly gunzTarPerm extractEntry messages/no-config-found.txt
395 silly gunzTarPerm extractEntry messages/plugin-missing.txt
396 silly gunzTarPerm extractEntry messages/whitespace-found.txt
397 silly lockFile 12274637-4736-0-20931097213178873-package tar:///home/at/tmp/npm-9124-UkfwoMy1/1514453564736-0.20931097213178873/package
398 silly lockFile 12274637-4736-0-20931097213178873-package tar:///home/at/tmp/npm-9124-UkfwoMy1/1514453564736-0.20931097213178873/package
399 silly lockFile 902364bc-4736-0-20931097213178873-tmp-tgz tar:///home/at/tmp/npm-9124-UkfwoMy1/1514453564736-0.20931097213178873/tmp.tgz
400 silly lockFile 902364bc-4736-0-20931097213178873-tmp-tgz tar:///home/at/tmp/npm-9124-UkfwoMy1/1514453564736-0.20931097213178873/tmp.tgz
401 verbose tar pack [ '/home/at/.npm/eslint/4.14.0/package.tgz',
401 verbose tar pack   '/home/at/tmp/npm-9124-UkfwoMy1/1514453564736-0.20931097213178873/package' ]
402 verbose tarball /home/at/.npm/eslint/4.14.0/package.tgz
403 verbose folder /home/at/tmp/npm-9124-UkfwoMy1/1514453564736-0.20931097213178873/package
404 silly lockFile 12274637-4736-0-20931097213178873-package tar:///home/at/tmp/npm-9124-UkfwoMy1/1514453564736-0.20931097213178873/package
405 verbose lock tar:///home/at/tmp/npm-9124-UkfwoMy1/1514453564736-0.20931097213178873/package /home/at/.npm/12274637-4736-0-20931097213178873-package.lock
406 silly lockFile f0418dc6-at-npm-eslint-4-14-0-package-tgz tar:///home/at/.npm/eslint/4.14.0/package.tgz
407 verbose lock tar:///home/at/.npm/eslint/4.14.0/package.tgz /home/at/.npm/f0418dc6-at-npm-eslint-4-14-0-package-tgz.lock
408 silly lockFile 12274637-4736-0-20931097213178873-package tar:///home/at/tmp/npm-9124-UkfwoMy1/1514453564736-0.20931097213178873/package
409 silly lockFile 12274637-4736-0-20931097213178873-package tar:///home/at/tmp/npm-9124-UkfwoMy1/1514453564736-0.20931097213178873/package
410 silly lockFile f0418dc6-at-npm-eslint-4-14-0-package-tgz tar:///home/at/.npm/eslint/4.14.0/package.tgz
411 silly lockFile f0418dc6-at-npm-eslint-4-14-0-package-tgz tar:///home/at/.npm/eslint/4.14.0/package.tgz
412 silly lockFile 8c3aa16e-ome-at-npm-eslint-4-14-0-package /home/at/.npm/eslint/4.14.0/package
413 verbose lock /home/at/.npm/eslint/4.14.0/package /home/at/.npm/8c3aa16e-ome-at-npm-eslint-4-14-0-package.lock
414 silly lockFile 8c3aa16e-ome-at-npm-eslint-4-14-0-package /home/at/.npm/eslint/4.14.0/package
415 silly lockFile 8c3aa16e-ome-at-npm-eslint-4-14-0-package /home/at/.npm/eslint/4.14.0/package
416 verbose tar unpack /home/at/.npm/eslint/4.14.0/package.tgz
417 silly lockFile 5d0c83b4-ome-at-npm-eslint-4-14-0-package tar:///home/at/.npm/eslint/4.14.0/package
418 verbose lock tar:///home/at/.npm/eslint/4.14.0/package /home/at/.npm/5d0c83b4-ome-at-npm-eslint-4-14-0-package.lock
419 silly lockFile f0418dc6-at-npm-eslint-4-14-0-package-tgz tar:///home/at/.npm/eslint/4.14.0/package.tgz
420 verbose lock tar:///home/at/.npm/eslint/4.14.0/package.tgz /home/at/.npm/f0418dc6-at-npm-eslint-4-14-0-package-tgz.lock
421 silly gunzTarPerm modes [ '755', '644' ]
422 silly gunzTarPerm extractEntry package.json
423 silly gunzTarPerm extractEntry README.md
424 silly gunzTarPerm extractEntry LICENSE
425 silly gunzTarPerm extractEntry bin/eslint.js
426 silly gunzTarPerm extractEntry conf/config-schema.js
427 silly gunzTarPerm extractEntry conf/default-cli-options.js
428 silly gunzTarPerm extractEntry conf/default-config-options.js
429 silly gunzTarPerm extractEntry conf/environments.js
430 silly gunzTarPerm extractEntry conf/eslint-all.js
431 silly gunzTarPerm extractEntry conf/eslint-recommended.js
432 silly gunzTarPerm extractEntry conf/blank-script.json
433 silly gunzTarPerm extractEntry conf/category-list.json
434 silly gunzTarPerm extractEntry conf/replacements.json
435 silly gunzTarPerm extractEntry lib/api.js
436 silly gunzTarPerm extractEntry lib/timing.js
437 silly gunzTarPerm extractEntry lib/rules.js
438 silly gunzTarPerm extractEntry lib/config.js
439 silly gunzTarPerm extractEntry lib/cli.js
440 silly gunzTarPerm extractEntry lib/report-translator.js
441 silly gunzTarPerm extractEntry lib/ignored-paths.js
442 silly gunzTarPerm extractEntry lib/ast-utils.js
443 silly gunzTarPerm extractEntry lib/load-rules.js
444 silly gunzTarPerm extractEntry lib/logging.js
445 silly gunzTarPerm extractEntry lib/cli-engine.js
446 silly gunzTarPerm extractEntry lib/options.js
447 silly gunzTarPerm extractEntry lib/file-finder.js
448 silly gunzTarPerm extractEntry lib/linter.js
449 silly gunzTarPerm extractEntry lib/formatters/checkstyle.js
450 silly gunzTarPerm extractEntry lib/formatters/compact.js
451 silly gunzTarPerm extractEntry lib/formatters/unix.js
452 silly gunzTarPerm extractEntry lib/formatters/tap.js
453 silly gunzTarPerm extractEntry lib/formatters/table.js
454 silly gunzTarPerm extractEntry lib/formatters/html.js
455 silly gunzTarPerm extractEntry lib/formatters/codeframe.js
456 silly gunzTarPerm extractEntry lib/formatters/json.js
457 silly gunzTarPerm extractEntry lib/formatters/junit.js
458 silly gunzTarPerm extractEntry lib/formatters/stylish.js
459 silly gunzTarPerm extractEntry lib/formatters/visualstudio.js
460 silly gunzTarPerm extractEntry lib/formatters/jslint-xml.js
461 silly gunzTarPerm extractEntry lib/formatters/html-template-result.html
462 silly gunzTarPerm extractEntry lib/formatters/html-template-page.html
463 silly gunzTarPerm extractEntry lib/formatters/html-template-message.html
464 silly gunzTarPerm extractEntry lib/rules/yoda.js
465 silly gunzTarPerm extractEntry lib/rules/no-lonely-if.js
466 silly gunzTarPerm extractEntry lib/rules/no-loop-func.js
467 silly gunzTarPerm extractEntry lib/rules/no-magic-numbers.js
468 silly gunzTarPerm extractEntry lib/rules/no-mixed-operators.js
469 silly gunzTarPerm extractEntry lib/rules/no-lone-blocks.js
470 silly gunzTarPerm extractEntry lib/rules/no-mixed-spaces-and-tabs.js
471 silly gunzTarPerm extractEntry lib/rules/no-multi-assign.js
472 silly gunzTarPerm extractEntry lib/rules/no-multi-spaces.js
473 silly gunzTarPerm extractEntry lib/rules/no-multi-str.js
474 silly gunzTarPerm extractEntry lib/rules/no-multiple-empty-lines.js
475 silly gunzTarPerm extractEntry lib/rules/no-labels.js
476 silly gunzTarPerm extractEntry lib/rules/no-native-reassign.js
477 silly gunzTarPerm extractEntry lib/rules/no-label-var.js
478 silly gunzTarPerm extractEntry lib/rules/no-negated-condition.js
479 silly gunzTarPerm extractEntry lib/rules/no-iterator.js
480 silly gunzTarPerm extractEntry lib/rules/no-negated-in-lhs.js
481 silly gunzTarPerm extractEntry lib/rules/no-irregular-whitespace.js
482 silly gunzTarPerm extractEntry lib/rules/no-nested-ternary.js
483 silly gunzTarPerm extractEntry lib/rules/no-invalid-this.js
484 silly gunzTarPerm extractEntry lib/rules/no-new-func.js
485 silly gunzTarPerm extractEntry lib/rules/no-invalid-regexp.js
486 silly gunzTarPerm extractEntry lib/rules/no-new-object.js
487 silly gunzTarPerm extractEntry lib/rules/no-inner-declarations.js
488 silly gunzTarPerm extractEntry lib/rules/no-new-require.js
489 silly gunzTarPerm extractEntry lib/rules/no-inline-comments.js
490 silly gunzTarPerm extractEntry lib/rules/no-new-symbol.js
491 silly gunzTarPerm extractEntry lib/rules/no-implied-eval.js
492 silly gunzTarPerm extractEntry lib/rules/no-new-wrappers.js
493 silly gunzTarPerm extractEntry lib/rules/no-implicit-globals.js
494 silly gunzTarPerm extractEntry lib/rules/no-new.js
495 silly gunzTarPerm extractEntry lib/rules/no-implicit-coercion.js
496 silly gunzTarPerm extractEntry lib/rules/no-obj-calls.js
497 silly gunzTarPerm extractEntry lib/rules/no-global-assign.js
498 silly gunzTarPerm extractEntry lib/rules/no-octal-escape.js
499 silly gunzTarPerm extractEntry lib/rules/no-func-assign.js
500 silly gunzTarPerm extractEntry lib/rules/no-octal.js
501 silly gunzTarPerm extractEntry lib/rules/no-floating-decimal.js
502 silly gunzTarPerm extractEntry lib/rules/no-param-reassign.js
503 silly gunzTarPerm extractEntry lib/rules/no-fallthrough.js
504 silly gunzTarPerm extractEntry lib/rules/no-path-concat.js
505 silly gunzTarPerm extractEntry lib/rules/no-extra-semi.js
506 silly gunzTarPerm extractEntry lib/rules/no-plusplus.js
507 silly gunzTarPerm extractEntry lib/rules/no-extra-parens.js
508 silly gunzTarPerm extractEntry lib/rules/no-process-env.js
509 silly gunzTarPerm extractEntry lib/rules/no-extra-label.js
510 silly gunzTarPerm extractEntry lib/rules/no-process-exit.js
511 silly gunzTarPerm extractEntry lib/rules/no-extra-boolean-cast.js
512 silly gunzTarPerm extractEntry lib/rules/no-proto.js
513 silly gunzTarPerm extractEntry lib/rules/no-extra-bind.js
514 silly gunzTarPerm extractEntry lib/rules/no-prototype-builtins.js
515 silly gunzTarPerm extractEntry lib/rules/no-extend-native.js
516 silly gunzTarPerm extractEntry lib/rules/no-redeclare.js
517 silly gunzTarPerm extractEntry lib/rules/no-ex-assign.js
518 silly gunzTarPerm extractEntry lib/rules/no-regex-spaces.js
519 silly gunzTarPerm extractEntry lib/rules/no-eval.js
520 silly gunzTarPerm extractEntry lib/rules/no-restricted-globals.js
521 silly gunzTarPerm extractEntry lib/rules/no-eq-null.js
522 silly gunzTarPerm extractEntry lib/rules/no-restricted-imports.js
523 silly gunzTarPerm extractEntry lib/rules/no-empty.js
524 silly gunzTarPerm extractEntry lib/rules/no-restricted-modules.js
525 silly gunzTarPerm extractEntry lib/rules/no-empty-pattern.js
526 silly gunzTarPerm extractEntry lib/rules/no-restricted-properties.js
527 silly gunzTarPerm extractEntry lib/rules/no-empty-function.js
528 silly gunzTarPerm extractEntry lib/rules/no-restricted-syntax.js
529 silly gunzTarPerm extractEntry lib/rules/no-empty-character-class.js
530 silly gunzTarPerm extractEntry lib/rules/no-return-assign.js
531 silly gunzTarPerm extractEntry lib/rules/no-else-return.js
532 silly gunzTarPerm extractEntry lib/rules/no-return-await.js
533 silly gunzTarPerm extractEntry lib/rules/no-duplicate-imports.js
534 silly gunzTarPerm extractEntry lib/rules/no-script-url.js
535 silly gunzTarPerm extractEntry lib/rules/no-duplicate-case.js
536 silly gunzTarPerm extractEntry lib/rules/no-self-assign.js
537 silly gunzTarPerm extractEntry lib/rules/no-dupe-keys.js
538 silly gunzTarPerm extractEntry lib/rules/no-self-compare.js
539 silly gunzTarPerm extractEntry lib/rules/no-dupe-class-members.js
540 silly gunzTarPerm extractEntry lib/rules/no-sequences.js
541 silly gunzTarPerm extractEntry lib/rules/no-dupe-args.js
542 silly gunzTarPerm extractEntry lib/rules/no-shadow-restricted-names.js
543 silly gunzTarPerm extractEntry lib/rules/no-div-regex.js
544 silly gunzTarPerm extractEntry lib/rules/no-shadow.js
545 silly gunzTarPerm extractEntry lib/rules/no-delete-var.js
546 silly gunzTarPerm extractEntry lib/rules/no-spaced-func.js
547 silly gunzTarPerm extractEntry lib/rules/no-debugger.js
548 silly gunzTarPerm extractEntry lib/rules/no-sparse-arrays.js
549 silly gunzTarPerm extractEntry lib/rules/no-control-regex.js
550 silly gunzTarPerm extractEntry lib/rules/no-sync.js
551 silly gunzTarPerm extractEntry lib/rules/no-continue.js
552 silly gunzTarPerm extractEntry lib/rules/no-tabs.js
553 silly gunzTarPerm extractEntry lib/rules/no-constant-condition.js
554 silly gunzTarPerm extractEntry lib/rules/no-template-curly-in-string.js
555 silly gunzTarPerm extractEntry lib/rules/no-const-assign.js
556 silly gunzTarPerm extractEntry lib/rules/no-ternary.js
557 silly gunzTarPerm extractEntry lib/rules/no-console.js
558 silly gunzTarPerm extractEntry lib/rules/no-this-before-super.js
559 silly gunzTarPerm extractEntry lib/rules/no-confusing-arrow.js
560 silly gunzTarPerm extractEntry lib/rules/no-throw-literal.js
561 silly gunzTarPerm extractEntry lib/rules/no-cond-assign.js
562 silly gunzTarPerm extractEntry lib/rules/no-trailing-spaces.js
563 silly gunzTarPerm extractEntry lib/rules/no-compare-neg-zero.js
564 silly gunzTarPerm extractEntry lib/rules/no-undef-init.js
565 silly gunzTarPerm extractEntry lib/rules/no-class-assign.js
566 silly gunzTarPerm extractEntry lib/rules/no-undef.js
567 silly gunzTarPerm extractEntry lib/rules/no-catch-shadow.js
568 silly gunzTarPerm extractEntry lib/rules/no-undefined.js
569 silly gunzTarPerm extractEntry lib/rules/no-case-declarations.js
570 silly gunzTarPerm extractEntry lib/rules/no-underscore-dangle.js
571 silly gunzTarPerm extractEntry lib/rules/no-caller.js
572 silly gunzTarPerm extractEntry lib/rules/no-unexpected-multiline.js
573 silly gunzTarPerm extractEntry lib/rules/no-buffer-constructor.js
574 silly gunzTarPerm extractEntry lib/rules/no-unmodified-loop-condition.js
575 silly gunzTarPerm extractEntry lib/rules/no-bitwise.js
576 silly gunzTarPerm extractEntry lib/rules/no-unneeded-ternary.js
577 silly gunzTarPerm extractEntry lib/rules/no-await-in-loop.js
578 silly gunzTarPerm extractEntry lib/rules/no-unreachable.js
579 silly gunzTarPerm extractEntry lib/rules/no-array-constructor.js
580 silly gunzTarPerm extractEntry lib/rules/no-unsafe-finally.js
581 silly gunzTarPerm extractEntry lib/rules/no-alert.js
582 silly gunzTarPerm extractEntry lib/rules/no-unsafe-negation.js
583 silly gunzTarPerm extractEntry lib/rules/newline-per-chained-call.js
584 silly gunzTarPerm extractEntry lib/rules/no-unused-expressions.js
585 silly gunzTarPerm extractEntry lib/rules/newline-before-return.js
586 silly gunzTarPerm extractEntry lib/rules/no-unused-labels.js
587 silly gunzTarPerm extractEntry lib/rules/newline-after-var.js
588 silly gunzTarPerm extractEntry lib/rules/no-unused-vars.js
589 silly gunzTarPerm extractEntry lib/rules/new-parens.js
590 silly gunzTarPerm extractEntry lib/rules/no-use-before-define.js
591 silly gunzTarPerm extractEntry lib/rules/new-cap.js
592 silly gunzTarPerm extractEntry lib/rules/no-useless-call.js
593 silly gunzTarPerm extractEntry lib/rules/multiline-ternary.js
594 silly gunzTarPerm extractEntry lib/rules/no-useless-computed-key.js
595 silly gunzTarPerm extractEntry lib/rules/multiline-comment-style.js
596 silly gunzTarPerm extractEntry lib/rules/no-useless-concat.js
597 silly gunzTarPerm extractEntry lib/rules/max-statements.js
598 silly gunzTarPerm extractEntry lib/rules/no-useless-constructor.js
599 silly gunzTarPerm extractEntry lib/rules/max-statements-per-line.js
600 silly gunzTarPerm extractEntry lib/rules/no-useless-escape.js
601 silly gunzTarPerm extractEntry lib/rules/max-params.js
602 silly gunzTarPerm extractEntry lib/rules/no-useless-rename.js
603 silly gunzTarPerm extractEntry lib/rules/max-nested-callbacks.js
604 silly gunzTarPerm extractEntry lib/rules/no-useless-return.js
605 silly gunzTarPerm extractEntry lib/rules/max-lines.js
606 silly gunzTarPerm extractEntry lib/rules/no-var.js
607 silly gunzTarPerm extractEntry lib/rules/max-len.js
608 silly gunzTarPerm extractEntry lib/rules/no-void.js
609 silly gunzTarPerm extractEntry lib/rules/max-depth.js
610 silly gunzTarPerm extractEntry lib/rules/no-warning-comments.js
611 silly gunzTarPerm extractEntry lib/rules/lines-between-class-members.js
612 silly gunzTarPerm extractEntry lib/rules/no-whitespace-before-property.js
613 silly gunzTarPerm extractEntry lib/rules/lines-around-directive.js
614 silly gunzTarPerm extractEntry lib/rules/no-with.js
615 silly gunzTarPerm extractEntry lib/rules/lines-around-comment.js
616 silly gunzTarPerm extractEntry lib/rules/nonblock-statement-body-position.js
617 silly gunzTarPerm extractEntry lib/rules/linebreak-style.js
618 silly gunzTarPerm extractEntry lib/rules/object-curly-newline.js
619 silly gunzTarPerm extractEntry lib/rules/line-comment-position.js
620 silly gunzTarPerm extractEntry lib/rules/object-curly-spacing.js
621 silly gunzTarPerm extractEntry lib/rules/keyword-spacing.js
622 silly gunzTarPerm extractEntry lib/rules/object-property-newline.js
623 silly gunzTarPerm extractEntry lib/rules/key-spacing.js
624 silly gunzTarPerm extractEntry lib/rules/object-shorthand.js
625 silly gunzTarPerm extractEntry lib/rules/jsx-quotes.js
626 silly gunzTarPerm extractEntry lib/rules/one-var-declaration-per-line.js
627 silly gunzTarPerm extractEntry lib/rules/init-declarations.js
628 silly gunzTarPerm extractEntry lib/rules/one-var.js
629 silly gunzTarPerm extractEntry lib/rules/indent.js
630 silly gunzTarPerm extractEntry lib/rules/operator-assignment.js
631 silly gunzTarPerm extractEntry lib/rules/indent-legacy.js
632 silly gunzTarPerm extractEntry lib/rules/operator-linebreak.js
633 silly gunzTarPerm extractEntry lib/rules/implicit-arrow-linebreak.js
634 silly gunzTarPerm extractEntry lib/rules/padded-blocks.js
635 silly gunzTarPerm extractEntry lib/rules/id-match.js
636 silly gunzTarPerm extractEntry lib/rules/padding-line-between-statements.js
637 silly gunzTarPerm extractEntry lib/rules/id-length.js
638 silly gunzTarPerm extractEntry lib/rules/prefer-arrow-callback.js
639 silly gunzTarPerm extractEntry lib/rules/id-blacklist.js
640 silly gunzTarPerm extractEntry lib/rules/prefer-const.js
641 silly gunzTarPerm extractEntry lib/rules/handle-callback-err.js
642 silly gunzTarPerm extractEntry lib/rules/prefer-destructuring.js
643 silly gunzTarPerm extractEntry lib/rules/guard-for-in.js
644 silly gunzTarPerm extractEntry lib/rules/prefer-numeric-literals.js
645 silly gunzTarPerm extractEntry lib/rules/global-require.js
646 silly gunzTarPerm extractEntry lib/rules/prefer-promise-reject-errors.js
647 silly gunzTarPerm extractEntry lib/rules/getter-return.js
648 silly gunzTarPerm extractEntry lib/rules/prefer-reflect.js
649 silly gunzTarPerm extractEntry lib/rules/generator-star-spacing.js
650 silly gunzTarPerm extractEntry lib/rules/prefer-rest-params.js
651 silly gunzTarPerm extractEntry lib/rules/function-paren-newline.js
652 silly gunzTarPerm extractEntry lib/rules/prefer-spread.js
653 silly gunzTarPerm extractEntry lib/rules/func-style.js
654 silly gunzTarPerm extractEntry lib/rules/prefer-template.js
655 silly gunzTarPerm extractEntry lib/rules/func-names.js
656 silly gunzTarPerm extractEntry lib/rules/quote-props.js
657 silly gunzTarPerm extractEntry lib/rules/func-name-matching.js
658 silly gunzTarPerm extractEntry lib/rules/quotes.js
659 silly gunzTarPerm extractEntry lib/rules/func-call-spacing.js
660 silly gunzTarPerm extractEntry lib/rules/radix.js
661 silly gunzTarPerm extractEntry lib/rules/for-direction.js
662 silly gunzTarPerm extractEntry lib/rules/require-await.js
663 silly gunzTarPerm extractEntry lib/rules/eqeqeq.js
664 silly gunzTarPerm extractEntry lib/rules/require-jsdoc.js
665 silly gunzTarPerm extractEntry lib/rules/eol-last.js
666 silly gunzTarPerm extractEntry lib/rules/require-yield.js
667 silly gunzTarPerm extractEntry lib/rules/dot-notation.js
668 silly gunzTarPerm extractEntry lib/rules/rest-spread-spacing.js
669 silly gunzTarPerm extractEntry lib/rules/dot-location.js
670 silly gunzTarPerm extractEntry lib/rules/semi-spacing.js
671 silly gunzTarPerm extractEntry lib/rules/default-case.js
672 silly gunzTarPerm extractEntry lib/rules/semi-style.js
673 silly gunzTarPerm extractEntry lib/rules/curly.js
674 silly gunzTarPerm extractEntry lib/rules/semi.js
675 silly gunzTarPerm extractEntry lib/rules/constructor-super.js
676 silly gunzTarPerm extractEntry lib/rules/sort-imports.js
677 silly gunzTarPerm extractEntry lib/rules/consistent-this.js
678 silly gunzTarPerm extractEntry lib/rules/sort-keys.js
679 silly gunzTarPerm extractEntry lib/rules/consistent-return.js
680 silly gunzTarPerm extractEntry lib/rules/sort-vars.js
681 silly gunzTarPerm extractEntry lib/rules/computed-property-spacing.js
682 silly gunzTarPerm extractEntry lib/rules/space-before-blocks.js
683 silly gunzTarPerm extractEntry lib/rules/complexity.js
684 silly gunzTarPerm extractEntry lib/rules/space-before-function-paren.js
685 silly gunzTarPerm extractEntry lib/rules/comma-style.js
686 silly gunzTarPerm extractEntry lib/rules/space-in-parens.js
687 silly gunzTarPerm extractEntry lib/rules/comma-spacing.js
688 silly gunzTarPerm extractEntry lib/rules/space-infix-ops.js
689 silly gunzTarPerm extractEntry lib/rules/comma-dangle.js
690 silly gunzTarPerm extractEntry lib/rules/space-unary-ops.js
691 silly gunzTarPerm extractEntry lib/rules/class-methods-use-this.js
692 silly gunzTarPerm extractEntry lib/rules/spaced-comment.js
693 silly gunzTarPerm extractEntry lib/rules/capitalized-comments.js
694 silly gunzTarPerm extractEntry lib/rules/strict.js
695 silly gunzTarPerm extractEntry lib/rules/camelcase.js
696 silly gunzTarPerm extractEntry lib/rules/switch-colon-spacing.js
697 silly gunzTarPerm extractEntry lib/rules/callback-return.js
698 silly gunzTarPerm extractEntry lib/rules/symbol-description.js
699 silly gunzTarPerm extractEntry lib/rules/brace-style.js
700 silly gunzTarPerm extractEntry lib/rules/template-curly-spacing.js
701 silly gunzTarPerm extractEntry lib/rules/block-spacing.js
702 silly gunzTarPerm extractEntry lib/rules/template-tag-spacing.js
703 silly gunzTarPerm extractEntry lib/rules/block-scoped-var.js
704 silly gunzTarPerm extractEntry lib/rules/unicode-bom.js
705 silly gunzTarPerm extractEntry lib/rules/arrow-spacing.js
706 silly gunzTarPerm extractEntry lib/rules/use-isnan.js
707 silly gunzTarPerm extractEntry lib/rules/arrow-parens.js
708 silly gunzTarPerm extractEntry lib/rules/valid-jsdoc.js
709 silly gunzTarPerm extractEntry lib/rules/arrow-body-style.js
710 silly gunzTarPerm extractEntry lib/rules/valid-typeof.js
711 silly gunzTarPerm extractEntry lib/rules/array-element-newline.js
712 silly gunzTarPerm extractEntry lib/rules/vars-on-top.js
713 silly gunzTarPerm extractEntry lib/rules/array-callback-return.js
714 silly gunzTarPerm extractEntry lib/rules/wrap-iife.js
715 silly gunzTarPerm extractEntry lib/rules/array-bracket-spacing.js
716 silly gunzTarPerm extractEntry lib/rules/wrap-regex.js
717 silly gunzTarPerm extractEntry lib/rules/array-bracket-newline.js
718 silly gunzTarPerm extractEntry lib/rules/yield-star-spacing.js
719 silly gunzTarPerm extractEntry lib/rules/accessor-pairs.js
720 silly gunzTarPerm extractEntry lib/rules/no-mixed-requires.js
721 silly gunzTarPerm extractEntry lib/rules/.eslintrc.yml
722 silly gunzTarPerm extractEntry lib/config/autoconfig.js
723 silly gunzTarPerm extractEntry lib/config/config-cache.js
724 silly gunzTarPerm extractEntry lib/config/config-file.js
725 silly gunzTarPerm extractEntry lib/config/config-initializer.js
726 silly gunzTarPerm extractEntry lib/config/config-ops.js
727 silly gunzTarPerm extractEntry lib/config/config-rule.js
728 silly gunzTarPerm extractEntry lib/config/config-validator.js
729 silly gunzTarPerm extractEntry lib/config/environments.js
730 silly gunzTarPerm extractEntry lib/config/plugins.js
731 silly gunzTarPerm extractEntry lib/testers/rule-tester.js
732 silly gunzTarPerm extractEntry lib/code-path-analysis/code-path-analyzer.js
733 silly gunzTarPerm extractEntry lib/code-path-analysis/code-path-segment.js
734 silly gunzTarPerm extractEntry lib/code-path-analysis/code-path-state.js
735 silly gunzTarPerm extractEntry lib/code-path-analysis/code-path.js
736 silly gunzTarPerm extractEntry lib/code-path-analysis/debug-helpers.js
737 silly gunzTarPerm extractEntry lib/code-path-analysis/fork-context.js
738 silly gunzTarPerm extractEntry lib/code-path-analysis/id-generator.js
739 silly gunzTarPerm extractEntry lib/token-store/backward-token-comment-cursor.js
740 silly gunzTarPerm extractEntry lib/token-store/cursors.js
741 silly gunzTarPerm extractEntry lib/token-store/decorative-cursor.js
742 silly gunzTarPerm extractEntry lib/token-store/filter-cursor.js
743 silly gunzTarPerm extractEntry lib/token-store/cursor.js
744 silly gunzTarPerm extractEntry lib/token-store/forward-token-cursor.js
745 silly gunzTarPerm extractEntry lib/token-store/index.js
746 silly gunzTarPerm extractEntry lib/token-store/limit-cursor.js
747 silly gunzTarPerm extractEntry lib/token-store/padded-token-cursor.js
748 silly gunzTarPerm extractEntry lib/token-store/skip-cursor.js
749 silly gunzTarPerm extractEntry lib/token-store/backward-token-cursor.js
750 silly gunzTarPerm extractEntry lib/token-store/utils.js
751 silly gunzTarPerm extractEntry lib/token-store/forward-token-comment-cursor.js
752 silly gunzTarPerm extractEntry lib/util/ajv.js
753 silly gunzTarPerm extractEntry lib/util/keywords.js
754 silly gunzTarPerm extractEntry lib/util/module-resolver.js
755 silly gunzTarPerm extractEntry lib/util/naming.js
756 silly gunzTarPerm extractEntry lib/util/hash.js
757 silly gunzTarPerm extractEntry lib/util/apply-disable-directives.js
758 silly gunzTarPerm extractEntry lib/util/path-util.js
759 silly gunzTarPerm extractEntry lib/util/traverser.js
760 silly gunzTarPerm extractEntry lib/util/rule-fixer.js
761 silly gunzTarPerm extractEntry lib/util/safe-emitter.js
762 silly gunzTarPerm extractEntry lib/util/glob.js
763 silly gunzTarPerm extractEntry lib/util/source-code-fixer.js
764 silly gunzTarPerm extractEntry lib/util/glob-util.js
765 silly gunzTarPerm extractEntry lib/util/source-code-util.js
766 silly gunzTarPerm extractEntry lib/util/fix-tracker.js
767 silly gunzTarPerm extractEntry lib/util/source-code.js
768 silly gunzTarPerm extractEntry lib/util/node-event-generator.js
769 silly gunzTarPerm extractEntry lib/util/xml-escape.js
770 silly gunzTarPerm extractEntry lib/util/npm-util.js
771 silly gunzTarPerm extractEntry lib/util/patterns/letters.js
772 silly gunzTarPerm extractEntry messages/extend-config-missing.txt
773 silly gunzTarPerm extractEntry messages/no-config-found.txt
774 silly gunzTarPerm extractEntry messages/plugin-missing.txt
775 silly gunzTarPerm extractEntry messages/whitespace-found.txt
776 silly lockFile 5d0c83b4-ome-at-npm-eslint-4-14-0-package tar:///home/at/.npm/eslint/4.14.0/package
777 silly lockFile 5d0c83b4-ome-at-npm-eslint-4-14-0-package tar:///home/at/.npm/eslint/4.14.0/package
778 silly lockFile f0418dc6-at-npm-eslint-4-14-0-package-tgz tar:///home/at/.npm/eslint/4.14.0/package.tgz
779 silly lockFile f0418dc6-at-npm-eslint-4-14-0-package-tgz tar:///home/at/.npm/eslint/4.14.0/package.tgz
780 verbose chmod /home/at/.npm/eslint/4.14.0/package.tgz 644
781 verbose chown /home/at/.npm/eslint/4.14.0/package.tgz [ 1000, 1000 ]
782 silly lockFile 305d32bf-mjs-org-eslint-eslint-4-14-0-tgz https://registry.npmjs.org/eslint/-/eslint-4.14.0.tgz
783 silly lockFile 305d32bf-mjs-org-eslint-eslint-4-14-0-tgz https://registry.npmjs.org/eslint/-/eslint-4.14.0.tgz
784 silly lockFile 15a96002-eslint-4-14-0 eslint@4.14.0
785 silly lockFile 15a96002-eslint-4-14-0 eslint@4.14.0
786 silly lockFile 62e46387-eslint eslint@
787 silly lockFile 62e46387-eslint eslint@
788 silly resolved [ { name: 'eslint',
788 silly resolved     version: '4.14.0',
788 silly resolved     author:
788 silly resolved      { name: 'Nicholas C. Zakas',
788 silly resolved        email: 'nicholas+npm@nczconsulting.com' },
788 silly resolved     description: 'An AST-based pattern checker for JavaScript.',
788 silly resolved     bin: { eslint: './bin/eslint.js' },
788 silly resolved     main: './lib/api.js',
788 silly resolved     scripts:
788 silly resolved      { test: 'node Makefile.js test',
788 silly resolved        lint: 'node Makefile.js lint',
788 silly resolved        fuzz: 'node Makefile.js fuzz',
788 silly resolved        release: 'node Makefile.js release',
788 silly resolved        'ci-release': 'node Makefile.js ciRelease',
788 silly resolved        alpharelease: 'node Makefile.js prerelease -- alpha',
788 silly resolved        betarelease: 'node Makefile.js prerelease -- beta',
788 silly resolved        docs: 'node Makefile.js docs',
788 silly resolved        gensite: 'node Makefile.js gensite',
788 silly resolved        browserify: 'node Makefile.js browserify',
788 silly resolved        perf: 'node Makefile.js perf',
788 silly resolved        profile: 'beefy tests/bench/bench.js --open -- -t brfs -t ./tests/bench/xform-rules.js -r espree',
788 silly resolved        coveralls: 'cat ./coverage/lcov.info | coveralls' },
788 silly resolved     files: [ 'LICENSE', 'README.md', 'bin', 'conf', 'lib', 'messages' ],
788 silly resolved     repository: { type: 'git', url: 'git://github.com/eslint/eslint' },
788 silly resolved     homepage: 'https://eslint.org',
788 silly resolved     bugs: { url: 'https://github.com/eslint/eslint/issues/' },
788 silly resolved     dependencies:
788 silly resolved      { ajv: '^5.3.0',
788 silly resolved        'babel-code-frame': '^6.22.0',
788 silly resolved        chalk: '^2.1.0',
788 silly resolved        'concat-stream': '^1.6.0',
788 silly resolved        'cross-spawn': '^5.1.0',
788 silly resolved        debug: '^3.1.0',
788 silly resolved        doctrine: '^2.0.2',
788 silly resolved        'eslint-scope': '^3.7.1',
788 silly resolved        'eslint-visitor-keys': '^1.0.0',
788 silly resolved        espree: '^3.5.2',
788 silly resolved        esquery: '^1.0.0',
788 silly resolved        esutils: '^2.0.2',
788 silly resolved        'file-entry-cache': '^2.0.0',
788 silly resolved        'functional-red-black-tree': '^1.0.1',
788 silly resolved        glob: '^7.1.2',
788 silly resolved        globals: '^11.0.1',
788 silly resolved        ignore: '^3.3.3',
788 silly resolved        imurmurhash: '^0.1.4',
788 silly resolved        inquirer: '^3.0.6',
788 silly resolved        'is-resolvable': '^1.0.0',
788 silly resolved        'js-yaml': '^3.9.1',
788 silly resolved        'json-stable-stringify-without-jsonify': '^1.0.1',
788 silly resolved        levn: '^0.3.0',
788 silly resolved        lodash: '^4.17.4',
788 silly resolved        minimatch: '^3.0.2',
788 silly resolved        mkdirp: '^0.5.1',
788 silly resolved        'natural-compare': '^1.4.0',
788 silly resolved        optionator: '^0.8.2',
788 silly resolved        'path-is-inside': '^1.0.2',
788 silly resolved        pluralize: '^7.0.0',
788 silly resolved        progress: '^2.0.0',
788 silly resolved        'require-uncached': '^1.0.3',
788 silly resolved        semver: '^5.3.0',
788 silly resolved        'strip-ansi': '^4.0.0',
788 silly resolved        'strip-json-comments': '~2.0.1',
788 silly resolved        table: '^4.0.1',
788 silly resolved        'text-table': '~0.2.0' },
788 silly resolved     devDependencies:
788 silly resolved      { 'babel-polyfill': '^6.23.0',
788 silly resolved        'babel-preset-es2015': '^6.24.1',
788 silly resolved        babelify: '^7.3.0',
788 silly resolved        beefy: '^2.1.8',
788 silly resolved        brfs: '1.4.3',
788 silly resolved        browserify: '^14.4.0',
788 silly resolved        chai: '^4.0.1',
788 silly resolved        cheerio: '^0.22.0',
788 silly resolved        coveralls: '^2.13.1',
788 silly resolved        dateformat: '^2.0.0',
788 silly resolved        ejs: '^2.5.6',
788 silly resolved        'eslint-plugin-eslint-plugin': '^1.2.0',
788 silly resolved        'eslint-plugin-node': '^5.1.0',
788 silly resolved        'eslint-plugin-rulesdir': '^0.1.0',
788 silly resolved        'eslint-release': '^0.10.1',
788 silly resolved        'eslint-rule-composer': '^0.1.0',
788 silly resolved        eslump: '1.6.0',
788 silly resolved        esprima: '^4.0.0',
788 silly resolved        'esprima-fb': '^15001.1001.0-dev-harmony-fb',
788 silly resolved        istanbul: '^0.4.5',
788 silly resolved        jsdoc: '^3.4.3',
788 silly resolved        karma: '^1.7.0',
788 silly resolved        'karma-babel-preprocessor': '^6.0.1',
788 silly resolved        'karma-mocha': '^1.3.0',
788 silly resolved        'karma-mocha-reporter': '^2.2.3',
788 silly resolved        'karma-phantomjs-launcher': '^1.0.4',
788 silly resolved        leche: '^2.1.2',
788 silly resolved        'load-perf': '^0.2.0',
788 silly resolved        markdownlint: '^0.6.1',
788 silly resolved        mocha: '^3.4.2',
788 silly resolved        'mock-fs': '^4.3.0',
788 silly resolved        'npm-license': '^0.3.3',
788 silly resolved        'phantomjs-prebuilt': '^2.1.14',
788 silly resolved        proxyquire: '^1.8.0',
788 silly resolved        shelljs: '^0.7.7',
788 silly resolved        sinon: '^3.2.1',
788 silly resolved        temp: '^0.8.3',
788 silly resolved        through: '^2.3.8' },
788 silly resolved     keywords: [ 'ast', 'lint', 'javascript', 'ecmascript', 'espree' ],
788 silly resolved     license: 'MIT',
788 silly resolved     engines: { node: '>=4' },
788 silly resolved     readme: '[![NPM version][npm-image]][npm-url]\n[![build status][travis-image]][travis-url]\n[![Build status][appveyor-image]][appveyor-url]\n[![Test coverage][coveralls-image]][coveralls-url]\n[![Downloads][downloads-image]][downloads-url]\n[![Bountysource](https://www.bountysource.com/badge/tracker?tracker_id=282608)](https://www.bountysource.com/trackers/282608-eslint?utm_source=282608&utm_medium=shield&utm_campaign=TRACKER_BADGE)\n[![Join the chat at https://gitter.im/eslint/eslint](https://badges.gitter.im/Join%20Chat.svg)](https://gitter.im/eslint/eslint?utm_source=badge&utm_medium=badge&utm_campaign=pr-badge&utm_content=badge)\n[![FOSSA Status](https://app.fossa.io/api/projects/git%2Bhttps%3A%2F%2Fgithub.com%2Feslint%2Feslint.svg?type=shield)](https://app.fossa.io/projects/git%2Bhttps%3A%2F%2Fgithub.com%2Feslint%2Feslint?ref=badge_shield)\n\n# ESLint\n\n[Website](https://eslint.org) |\n[Configuring](https://eslint.org/docs/user-guide/configuring) |\n[Rules](https://eslint.org/docs/rules/) |\n[Contributing](https://eslint.org/docs/developer-guide/contributing) |\n[Reporting Bugs](https://eslint.org/docs/developer-guide/contributing/reporting-bugs) |\n[Code of Conduct](https://js.foundation/community/code-of-conduct) |\n[Twitter](https://twitter.com/geteslint) |\n[Mailing List](https://groups.google.com/group/eslint) |\n[Chat Room](https://gitter.im/eslint/eslint)\n\nESLint is a tool for identifying and reporting on patterns found in ECMAScript/JavaScript code. In many ways, it is similar to JSLint and JSHint with a few exceptions:\n\n* ESLint uses [Espree](https://github.com/eslint/espree) for JavaScript parsing.\n* ESLint uses an AST to evaluate patterns in code.\n* ESLint is completely pluggable, every single rule is a plugin and you can add more at runtime.\n\n## Installation and Usage\n\nPrerequisites: [Node.js](https://nodejs.org/en/) (>=4.x), npm version 2+.\n\nThere are two ways to install ESLint: globally and locally.\n\n### Local Installation and Usage\n\nIf you want to include ESLint as part of your project\'s build system, we recommend installing it locally. You can do so using npm:\n\n```\n$ npm install eslint --save-dev\n```\n\nYou should then setup a configuration file:\n\n```\n$ ./node_modules/.bin/eslint --init\n```\n\nAfter that, you can run ESLint on any file or directory like this:\n\n```\n$ ./node_modules/.bin/eslint yourfile.js\n```\n\nAny plugins or shareable configs that you use must also be installed locally to work with a locally-installed ESLint.\n\n### Global Installation and Usage\n\nIf you want to make ESLint available to tools that run across all of your projects, we recommend installing ESLint globally. You can do so using npm:\n\n```\n$ npm install -g eslint\n```\n\nYou should then setup a configuration file:\n\n```\n$ eslint --init\n```\n\nAfter that, you can run ESLint on any file or directory like this:\n\n```\n$ eslint yourfile.js\n```\n\nAny plugins or shareable configs that you use must also be installed globally to work with a globally-installed ESLint.\n\n**Note:** `eslint --init` is intended for setting up and configuring ESLint on a per-project basis and will perform a local installation of ESLint and its plugins in the directory in which it is run. If you prefer using a global installation of ESLint, any plugins used in your configuration must also be installed globally.\n\n## Configuration\n\nAfter running `eslint --init`, you\'ll have a `.eslintrc` file in your directory. In it, you\'ll see some rules configured like this:\n\n```json\n{\n    "rules": {\n        "semi": ["error", "always"],\n        "quotes": ["error", "double"]\n    }\n}\n```\n\nThe names `"semi"` and `"quotes"` are the names of [rules](https://eslint.org/docs/rules) in ESLint. The first value is the error level of the rule and can be one of these values:\n\n* `"off"` or `0` - turn the rule off\n* `"warn"` or `1` - turn the rule on as a warning (doesn\'t affect exit code)\n* `"error"` or `2` - turn the rule on as an error (exit code will be 1)\n\nThe three error levels allow you fine-grained control over how ESLint applies rules (for more configuration options and details, see the [configuration docs](https://eslint.org/docs/user-guide/configuring)).\n\n## Sponsors\n\n* Site search ([eslint.org](https://eslint.org)) is sponsored by [Algolia](https://www.algolia.com)\n\n## Team\n\nThese folks keep the project moving and are resources for help.\n\n### Technical Steering Committee (TSC)\n\n* Nicholas C. Zakas ([@nzakas](https://github.com/nzakas))\n* Ilya Volodin ([@ilyavolodin](https://github.com/ilyavolodin))\n* Brandon Mills ([@btmills](https://github.com/btmills))\n* Gyandeep Singh ([@gyandeeps](https://github.com/gyandeeps))\n* Toru Nagashima ([@mysticatea](https://github.com/mysticatea))\n* Alberto Rodrguez ([@alberto](https://github.com/alberto))\n* Kai Cataldo ([@kaicataldo](https://github.com/kaicataldo))\n* Teddy Katz ([@not-an-aardvark](https://github.com/not-an-aardvark))\n* Kevin Partington ([@platinumazure](https://github.com/platinumazure))\n\n### Development Team\n\n* Mathias Schreck ([@lo1tuma](https://github.com/lo1tuma))\n* Jamund Ferguson ([@xjamundx](https://github.com/xjamundx))\n* Ian VanSchooten ([@ianvs](https://github.com/ianvs))\n* Burak Yiit Kaya ([@byk](https://github.com/byk))\n* Michael Ficarra ([@michaelficarra](https://github.com/michaelficarra))\n* Mark Pedrotti ([@pedrottimark](https://github.com/pedrottimark))\n* Oleg Gaidarenko ([@markelog](https://github.com/markelog))\n* Mike Sherov ([@mikesherov](https://github.com/mikesherov))\n* Henry Zhu ([@hzoo](https://github.com/hzoo))\n* Marat Dulin ([@mdevils](https://github.com/mdevils))\n* Alexej Yaroshevich ([@zxqfox](https://github.com/zxqfox))\n* Vitor Balocco ([@vitorbal](https://github.com/vitorbal))\n* James Henry ([@JamesHenry](https://github.com/JamesHenry))\n* Reyad Attiyat ([@soda0289](https://github.com/soda0289))\n*  ([@Aladdin-ADD](https://github.com/Aladdin-ADD))\n* Victor Hom ([@VictorHom](https://github.com/VictorHom))\n\n## Releases\n\nWe have scheduled releases every two weeks on Friday or Saturday.\n\n## Code of Conduct\n\nESLint adheres to the [JS Foundation Code of Conduct](https://js.foundation/community/code-of-conduct).\n\n## Filing Issues\n\nBefore filing an issue, please be sure to read the guidelines for what you\'re reporting:\n\n* [Bug Report](https://eslint.org/docs/developer-guide/contributing/reporting-bugs)\n* [Propose a New Rule](https://eslint.org/docs/developer-guide/contributing/new-rules)\n* [Proposing a Rule Change](https://eslint.org/docs/developer-guide/contributing/rule-changes)\n* [Request a Change](https://eslint.org/docs/developer-guide/contributing/changes)\n\n## Semantic Versioning Policy\n\nESLint follows [semantic versioning](http://semver.org). However, due to the nature of ESLint as a code quality tool, it\'s not always clear when a minor or major version bump occurs. To help clarify this for everyone, we\'ve defined the following semantic versioning policy for ESLint:\n\n* Patch release (intended to not break your lint build)\n    * A bug fix in a rule that results in ESLint reporting fewer errors.\n    * A bug fix to the CLI or core (including formatters).\n    * Improvements to documentation.\n    * Non-user-facing changes such as refactoring code, adding, deleting, or modifying tests, and increasing test coverage.\n    * Re-releasing after a failed release (i.e., publishing a release that doesn\'t work for anyone).\n* Minor release (might break your lint build)\n    * A bug fix in a rule that results in ESLint reporting more errors.\n    * A new rule is created.\n    * A new option to an existing rule that does not result in ESLint reporting more errors by default.\n    * An existing rule is deprecated.\n    * A new CLI capability is created.\n    * New capabilities to the public API are added (new classes, new methods, new arguments to existing methods, etc.).\n    * A new formatter is created.\n* Major release (likely to break your lint build)\n    * `eslint:recommended` is updated.\n    * A new option to an existing rule that results in ESLint reporting more errors by default.\n    * An existing formatter is removed.\n    * Part of the public API is removed or changed in an incompatible way.\n\nAccording to our policy, any minor update may report more errors than the previous release (ex: from a bug fix). As such, we recommend using the tilde (`~`) in `package.json` e.g. `"eslint": "~3.1.0"` to guarantee the results of your builds.\n\n## License\n\n[![FOSSA Status](https://app.fossa.io/api/projects/git%2Bhttps%3A%2F%2Fgithub.com%2Feslint%2Feslint.svg?type=large)](https://app.fossa.io/projects/git%2Bhttps%3A%2F%2Fgithub.com%2Feslint%2Feslint?ref=badge_large)\n\n## Frequently Asked Questions\n\n### How is ESLint different from JSHint?\n\nThe most significant difference is that ESLint has pluggable linting rules. That means you can use the rules it comes with, or you can extend it with rules created by others or by yourself!\n\n### How does ESLint performance compare to JSHint?\n\nESLint is slower than JSHint, usually 2-3x slower on a single file. This is because ESLint uses Espree to construct an AST before it can evaluate your code whereas JSHint evaluates your code as it\'s being parsed. The speed is also based on the number of rules you enable; the more rules you enable, the slower the process.\n\nDespite being slower, we believe that ESLint is fast enough to replace JSHint without causing significant pain.\n\n### I heard ESLint is going to replace JSCS?\n\nYes. Since we are solving the same problems, ESLint and JSCS teams have decided to join forces and work together in the development of ESLint instead of competing with each other. You can read more about this in both [ESLint](https://eslint.org/blog/2016/04/welcoming-jscs-to-eslint) and [JSCS](https://medium.com/@markelog/jscs-end-of-the-line-bc9bf0b3fdb2#.u76sx334n) announcements.\n\n### So, should I stop using JSCS and start using ESLint?\n\nMaybe, depending on how much you need it. [JSCS has reached end of life](https://eslint.org/blog/2016/07/jscs-end-of-life), but if it is working for you then there is no reason to move yet. We are still working to smooth the transition. You can see our progress [here](https://github.com/eslint/eslint/milestones/JSCS%20Compatibility). Well announce when all of the changes necessary to support JSCS users in ESLint are complete and will start encouraging JSCS users to switch to ESLint at that time.\n\nIf you are having issues with JSCS, you can try to move to ESLint. We are focusing our time and energy on JSCS compatibility issues.\n\n### Is ESLint just linting or does it also check style?\n\nESLint does both traditional linting (looking for problematic patterns) and style checking (enforcement of conventions). You can use it for both.\n\n### Why can\'t ESLint find my plugins?\n\nESLint can be [globally or locally installed](#installation-and-usage). If you install ESLint globally, your plugins must also be installed globally; if you install ESLint locally, your plugins must also be installed locally.\n\nIf you are trying to run globally, make sure your plugins are installed globally (use `npm ls -g`).\n\nIf you are trying to run locally:\n\n* Make sure your plugins (and ESLint) are both in your project\'s `package.json` as devDependencies (or dependencies, if your project uses ESLint at runtime).\n* Make sure you have run `npm install` and all your dependencies are installed.\n\nIn all cases, make sure your plugins\' peerDependencies have been installed as well. You can use `npm view eslint-plugin-myplugin peerDepencies` to see what peer dependencies `eslint-plugin-myplugin` has.\n\n### Does ESLint support JSX?\n\nYes, ESLint natively supports parsing JSX syntax (this must be enabled in [configuration](https://eslint.org/docs/user-guide/configuring)). Please note that supporting JSX syntax *is not* the same as supporting React. React applies specific semantics to JSX syntax that ESLint doesn\'t recognize. We recommend using [eslint-plugin-react](https://www.npmjs.com/package/eslint-plugin-react) if you are using React and want React semantics.\n\n### What about ECMAScript 6 support?\n\nESLint has full support for ECMAScript 6. By default, this support is off. You can enable ECMAScript 6 syntax and global variables through [configuration](https://eslint.org/docs/user-guide/configuring).\n\n### What about experimental features?\n\nESLint doesn\'t natively support experimental ECMAScript language features. You can use [babel-eslint](https://github.com/babel/babel-eslint) to use any option available in Babel.\n\nOnce a language feature has been adopted into the ECMAScript standard (stage 4 according to the [TC39 process](https://tc39.github.io/process-document/)), we will accept issues and pull requests related to the new feature, subject to our [contributing guidelines](https://eslint.org/docs/developer-guide/contributing). Until then, please use the appropriate parser and plugin(s) for your experimental feature.\n\n### Where to ask for help?\n\nJoin our [Mailing List](https://groups.google.com/group/eslint) or [Chatroom](https://gitter.im/eslint/eslint).\n\n\n[npm-image]: https://img.shields.io/npm/v/eslint.svg?style=flat-square\n[npm-url]: https://www.npmjs.com/package/eslint\n[travis-image]: https://img.shields.io/travis/eslint/eslint/master.svg?style=flat-square\n[travis-url]: https://travis-ci.org/eslint/eslint\n[appveyor-image]: https://ci.appveyor.com/api/projects/status/iwxmiobcvbw3b0av/branch/master?svg=true\n[appveyor-url]: https://ci.appveyor.com/project/nzakas/eslint/branch/master\n[coveralls-image]: https://img.shields.io/coveralls/eslint/eslint/master.svg?style=flat-square\n[coveralls-url]: https://coveralls.io/r/eslint/eslint?branch=master\n[downloads-image]: https://img.shields.io/npm/dm/eslint.svg?style=flat-square\n[downloads-url]: https://www.npmjs.com/package/eslint\n',
788 silly resolved     readmeFilename: 'README.md',
788 silly resolved     _id: 'eslint@4.14.0',
788 silly resolved     dist: { shasum: '66f74f859f82155efff12415ade3db92fa85a3cd' },
788 silly resolved     _from: 'eslint@',
788 silly resolved     _resolved: 'https://registry.npmjs.org/eslint/-/eslint-4.14.0.tgz' } ]
789 info install eslint@4.14.0 into /usr/local/lib
790 info installOne eslint@4.14.0
791 warn engine eslint@4.14.0: wanted: {"node":">=4"} (current: {"node":"v0.10.25","npm":"1.3.10"})
792 info /usr/local/lib/node_modules/eslint unbuild
793 verbose tar unpack /home/at/.npm/eslint/4.14.0/package.tgz
794 silly lockFile 8a7fbfa2-sr-local-lib-node-modules-eslint tar:///usr/local/lib/node_modules/eslint
795 verbose lock tar:///usr/local/lib/node_modules/eslint /home/at/.npm/8a7fbfa2-sr-local-lib-node-modules-eslint.lock
796 silly lockFile f0418dc6-at-npm-eslint-4-14-0-package-tgz tar:///home/at/.npm/eslint/4.14.0/package.tgz
797 verbose lock tar:///home/at/.npm/eslint/4.14.0/package.tgz /home/at/.npm/f0418dc6-at-npm-eslint-4-14-0-package-tgz.lock
798 silly gunzTarPerm modes [ '755', '644' ]
799 error Error: EACCES, mkdir '/usr/local/lib/node_modules'
799 error  { [Error: EACCES, mkdir '/usr/local/lib/node_modules']
799 error   errno: 3,
799 error   code: 'EACCES',
799 error   path: '/usr/local/lib/node_modules',
799 error   fstream_type: 'Directory',
799 error   fstream_path: '/usr/local/lib/node_modules/eslint',
799 error   fstream_class: 'DirWriter',
799 error   fstream_stack:
799 error    [ '/usr/lib/nodejs/fstream/lib/writer.js:171:23',
799 error      '/usr/lib/nodejs/mkdirp/index.js:37:53',
799 error      'Object.oncomplete (fs.js:107:15)' ] }
800 error Please try running this command again as root/Administrator.
801 error System Linux 4.2.0-42-generic
802 error command "/usr/bin/nodejs" "/usr/bin/npm" "install" "-g" "eslint"
803 error cwd /home/at/tutorial
804 error node -v v0.10.25
805 error npm -v 1.3.10
806 error path /usr/local/lib/node_modules
807 error fstream_path /usr/local/lib/node_modules/eslint
808 error fstream_type Directory
809 error fstream_class DirWriter
810 error code EACCES
811 error errno 3
812 error stack Error: EACCES, mkdir '/usr/local/lib/node_modules'
813 error fstream_stack /usr/lib/nodejs/fstream/lib/writer.js:171:23
813 error fstream_stack /usr/lib/nodejs/mkdirp/index.js:37:53
813 error fstream_stack Object.oncomplete (fs.js:107:15)
814 verbose exit [ 3, true ]
